<?xml version="1.0" encoding="UTF-8"?>
<testng-results ignored="0" total="1" passed="1" failed="0" skipped="0">
  <reporter-output>
  </reporter-output>
  <suite started-at="2024-01-08T18:54:11 CST" name="Default suite" finished-at="2024-01-08T18:54:25 CST" duration-ms="13890">
    <groups>
    </groups>
    <test started-at="2024-01-08T18:54:11 CST" name="Default test" finished-at="2024-01-08T18:54:25 CST" duration-ms="13890">
      <class name="com.qa.Testcases.ProductSearchTest">
        <test-method is-config="true" signature="setup()[pri:0, instance:com.qa.Testcases.ProductSearchTest@2d52216b]" started-at="2024-01-08T18:54:11 CST" name="setup" finished-at="2024-01-08T18:54:22 CST" duration-ms="11079" status="PASS">
          <reporter-output>
          </reporter-output>
        </test-method> <!-- setup -->
        <test-method signature="searchProduct()[pri:0, instance:com.qa.Testcases.ProductSearchTest@2d52216b]" started-at="2024-01-08T18:54:22 CST" name="searchProduct" finished-at="2024-01-08T18:54:25 CST" duration-ms="2762" status="PASS">
          <reporter-output>
          </reporter-output>
        </test-method> <!-- searchProduct -->
      </class> <!-- com.qa.Testcases.ProductSearchTest -->
    </test> <!-- Default test -->
  </suite> <!-- Default suite -->
</testng-results>
